2025-09-25 16:13:13,727:WARNING:
'cuml' is a soft dependency and not included in the pycaret installation. Please run: `pip install cuml` to install.
2025-09-25 16:13:13,727:WARNING:
'cuml' is a soft dependency and not included in the pycaret installation. Please run: `pip install cuml` to install.
2025-09-25 16:13:13,727:WARNING:
'cuml' is a soft dependency and not included in the pycaret installation. Please run: `pip install cuml` to install.
2025-09-25 16:13:13,727:WARNING:
'cuml' is a soft dependency and not included in the pycaret installation. Please run: `pip install cuml` to install.
2025-09-25 16:14:08,123:INFO:PyCaret ClassificationExperiment
2025-09-25 16:14:08,123:INFO:Logging name: clf-default-name
2025-09-25 16:14:08,136:INFO:ML Usecase: MLUsecase.CLASSIFICATION
2025-09-25 16:14:08,136:INFO:version 3.3.2
2025-09-25 16:14:08,136:INFO:Initializing setup()
2025-09-25 16:14:08,136:INFO:self.USI: 0026
2025-09-25 16:14:08,136:INFO:self._variable_keys: {'logging_param', 'log_plots_param', 'X', 'pipeline', 'y_train', '_ml_usecase', 'memory', 'USI', 'fold_groups_param', 'exp_id', 'y', 'fold_shuffle_param', 'is_multiclass', 'exp_name_log', 'fix_imbalance', 'gpu_param', 'seed', 'n_jobs_param', 'X_train', 'y_test', 'data', '_available_plots', 'html_param', 'X_test', 'fold_generator', 'idx', 'target_param', 'gpu_n_jobs_param'}
2025-09-25 16:14:08,136:INFO:Checking environment
2025-09-25 16:14:08,136:INFO:python_version: 3.10.18
2025-09-25 16:14:08,136:INFO:python_build: ('main', 'Jun  5 2025 13:08:55')
2025-09-25 16:14:08,136:INFO:machine: AMD64
2025-09-25 16:14:08,136:INFO:platform: Windows-10-10.0.26100-SP0
2025-09-25 16:14:08,136:INFO:Memory: svmem(total=14877257728, available=4008833024, percent=73.1, used=10868424704, free=4008833024)
2025-09-25 16:14:08,137:INFO:Physical Core: 6
2025-09-25 16:14:08,137:INFO:Logical Core: 12
2025-09-25 16:14:08,137:INFO:Checking libraries
2025-09-25 16:14:08,137:INFO:System:
2025-09-25 16:14:08,137:INFO:    python: 3.10.18 | packaged by Anaconda, Inc. | (main, Jun  5 2025, 13:08:55) [MSC v.1929 64 bit (AMD64)]
2025-09-25 16:14:08,137:INFO:executable: c:\Users\yazed\anaconda3\envs\TelcoVision\python.exe
2025-09-25 16:14:08,137:INFO:   machine: Windows-10-10.0.26100-SP0
2025-09-25 16:14:08,137:INFO:PyCaret required dependencies:
2025-09-25 16:14:08,449:INFO:                 pip: 25.2
2025-09-25 16:14:08,449:INFO:          setuptools: 78.1.1
2025-09-25 16:14:08,449:INFO:             pycaret: 3.3.2
2025-09-25 16:14:08,449:INFO:             IPython: 8.37.0
2025-09-25 16:14:08,449:INFO:          ipywidgets: 8.1.7
2025-09-25 16:14:08,449:INFO:                tqdm: 4.67.1
2025-09-25 16:14:08,449:INFO:               numpy: 1.26.4
2025-09-25 16:14:08,449:INFO:              pandas: 2.1.4
2025-09-25 16:14:08,449:INFO:              jinja2: 3.1.6
2025-09-25 16:14:08,449:INFO:               scipy: 1.11.4
2025-09-25 16:14:08,449:INFO:              joblib: 1.3.2
2025-09-25 16:14:08,450:INFO:             sklearn: 1.4.2
2025-09-25 16:14:08,450:INFO:                pyod: 2.0.5
2025-09-25 16:14:08,450:INFO:            imblearn: 0.14.0
2025-09-25 16:14:08,450:INFO:   category_encoders: 2.7.0
2025-09-25 16:14:08,450:INFO:            lightgbm: 4.6.0
2025-09-25 16:14:08,450:INFO:               numba: 0.62.0
2025-09-25 16:14:08,450:INFO:            requests: 2.32.5
2025-09-25 16:14:08,450:INFO:          matplotlib: 3.7.5
2025-09-25 16:14:08,450:INFO:          scikitplot: 0.3.7
2025-09-25 16:14:08,450:INFO:         yellowbrick: 1.5
2025-09-25 16:14:08,450:INFO:              plotly: 6.3.0
2025-09-25 16:14:08,450:INFO:    plotly-resampler: Not installed
2025-09-25 16:14:08,450:INFO:             kaleido: 1.1.0
2025-09-25 16:14:08,450:INFO:           schemdraw: 0.15
2025-09-25 16:14:08,450:INFO:         statsmodels: 0.14.5
2025-09-25 16:14:08,450:INFO:              sktime: 0.26.0
2025-09-25 16:14:08,450:INFO:               tbats: 1.1.3
2025-09-25 16:14:08,450:INFO:            pmdarima: 2.0.4
2025-09-25 16:14:08,450:INFO:              psutil: 7.1.0
2025-09-25 16:14:08,450:INFO:          markupsafe: 3.0.2
2025-09-25 16:14:08,450:INFO:             pickle5: Not installed
2025-09-25 16:14:08,450:INFO:         cloudpickle: 3.1.1
2025-09-25 16:14:08,450:INFO:         deprecation: 2.1.0
2025-09-25 16:14:08,451:INFO:              xxhash: 3.5.0
2025-09-25 16:14:08,451:INFO:           wurlitzer: Not installed
2025-09-25 16:14:08,451:INFO:PyCaret optional dependencies:
2025-09-25 16:14:08,467:INFO:                shap: Not installed
2025-09-25 16:14:08,467:INFO:           interpret: Not installed
2025-09-25 16:14:08,467:INFO:                umap: Not installed
2025-09-25 16:14:08,467:INFO:     ydata_profiling: Not installed
2025-09-25 16:14:08,467:INFO:  explainerdashboard: Not installed
2025-09-25 16:14:08,467:INFO:             autoviz: Not installed
2025-09-25 16:14:08,467:INFO:           fairlearn: Not installed
2025-09-25 16:14:08,467:INFO:          deepchecks: Not installed
2025-09-25 16:14:08,467:INFO:             xgboost: Not installed
2025-09-25 16:14:08,467:INFO:            catboost: Not installed
2025-09-25 16:14:08,467:INFO:              kmodes: Not installed
2025-09-25 16:14:08,467:INFO:             mlxtend: Not installed
2025-09-25 16:14:08,467:INFO:       statsforecast: Not installed
2025-09-25 16:14:08,467:INFO:        tune_sklearn: Not installed
2025-09-25 16:14:08,467:INFO:                 ray: Not installed
2025-09-25 16:14:08,467:INFO:            hyperopt: Not installed
2025-09-25 16:14:08,467:INFO:              optuna: Not installed
2025-09-25 16:14:08,467:INFO:               skopt: Not installed
2025-09-25 16:14:08,467:INFO:              mlflow: Not installed
2025-09-25 16:14:08,467:INFO:              gradio: Not installed
2025-09-25 16:14:08,467:INFO:             fastapi: Not installed
2025-09-25 16:14:08,467:INFO:             uvicorn: Not installed
2025-09-25 16:14:08,467:INFO:              m2cgen: Not installed
2025-09-25 16:14:08,467:INFO:           evidently: Not installed
2025-09-25 16:14:08,467:INFO:               fugue: Not installed
2025-09-25 16:14:08,468:INFO:           streamlit: Not installed
2025-09-25 16:14:08,468:INFO:             prophet: Not installed
2025-09-25 16:14:08,468:INFO:None
2025-09-25 16:14:08,468:INFO:Set up data.
2025-09-25 16:14:34,500:INFO:PyCaret ClassificationExperiment
2025-09-25 16:14:34,501:INFO:Logging name: clf-default-name
2025-09-25 16:14:34,501:INFO:ML Usecase: MLUsecase.CLASSIFICATION
2025-09-25 16:14:34,501:INFO:version 3.3.2
2025-09-25 16:14:34,501:INFO:Initializing setup()
2025-09-25 16:14:34,501:INFO:self.USI: 7107
2025-09-25 16:14:34,501:INFO:self._variable_keys: {'logging_param', 'log_plots_param', 'X', 'pipeline', 'y_train', '_ml_usecase', 'memory', 'USI', 'fold_groups_param', 'exp_id', 'y', 'fold_shuffle_param', 'is_multiclass', 'exp_name_log', 'fix_imbalance', 'gpu_param', 'seed', 'n_jobs_param', 'X_train', 'y_test', 'data', '_available_plots', 'html_param', 'X_test', 'fold_generator', 'idx', 'target_param', 'gpu_n_jobs_param'}
2025-09-25 16:14:34,501:INFO:Checking environment
2025-09-25 16:14:34,501:INFO:python_version: 3.10.18
2025-09-25 16:14:34,501:INFO:python_build: ('main', 'Jun  5 2025 13:08:55')
2025-09-25 16:14:34,501:INFO:machine: AMD64
2025-09-25 16:14:34,501:INFO:platform: Windows-10-10.0.26100-SP0
2025-09-25 16:14:34,501:INFO:Memory: svmem(total=14877257728, available=4047048704, percent=72.8, used=10830209024, free=4047048704)
2025-09-25 16:14:34,501:INFO:Physical Core: 6
2025-09-25 16:14:34,502:INFO:Logical Core: 12
2025-09-25 16:14:34,502:INFO:Checking libraries
2025-09-25 16:14:34,502:INFO:System:
2025-09-25 16:14:34,502:INFO:    python: 3.10.18 | packaged by Anaconda, Inc. | (main, Jun  5 2025, 13:08:55) [MSC v.1929 64 bit (AMD64)]
2025-09-25 16:14:34,502:INFO:executable: c:\Users\yazed\anaconda3\envs\TelcoVision\python.exe
2025-09-25 16:14:34,502:INFO:   machine: Windows-10-10.0.26100-SP0
2025-09-25 16:14:34,502:INFO:PyCaret required dependencies:
2025-09-25 16:14:34,502:INFO:                 pip: 25.2
2025-09-25 16:14:34,502:INFO:          setuptools: 78.1.1
2025-09-25 16:14:34,502:INFO:             pycaret: 3.3.2
2025-09-25 16:14:34,502:INFO:             IPython: 8.37.0
2025-09-25 16:14:34,502:INFO:          ipywidgets: 8.1.7
2025-09-25 16:14:34,502:INFO:                tqdm: 4.67.1
2025-09-25 16:14:34,502:INFO:               numpy: 1.26.4
2025-09-25 16:14:34,502:INFO:              pandas: 2.1.4
2025-09-25 16:14:34,502:INFO:              jinja2: 3.1.6
2025-09-25 16:14:34,502:INFO:               scipy: 1.11.4
2025-09-25 16:14:34,502:INFO:              joblib: 1.3.2
2025-09-25 16:14:34,502:INFO:             sklearn: 1.4.2
2025-09-25 16:14:34,502:INFO:                pyod: 2.0.5
2025-09-25 16:14:34,502:INFO:            imblearn: 0.14.0
2025-09-25 16:14:34,503:INFO:   category_encoders: 2.7.0
2025-09-25 16:14:34,503:INFO:            lightgbm: 4.6.0
2025-09-25 16:14:34,503:INFO:               numba: 0.62.0
2025-09-25 16:14:34,503:INFO:            requests: 2.32.5
2025-09-25 16:14:34,503:INFO:          matplotlib: 3.7.5
2025-09-25 16:14:34,503:INFO:          scikitplot: 0.3.7
2025-09-25 16:14:34,503:INFO:         yellowbrick: 1.5
2025-09-25 16:14:34,503:INFO:              plotly: 6.3.0
2025-09-25 16:14:34,503:INFO:    plotly-resampler: Not installed
2025-09-25 16:14:34,503:INFO:             kaleido: 1.1.0
2025-09-25 16:14:34,503:INFO:           schemdraw: 0.15
2025-09-25 16:14:34,503:INFO:         statsmodels: 0.14.5
2025-09-25 16:14:34,503:INFO:              sktime: 0.26.0
2025-09-25 16:14:34,503:INFO:               tbats: 1.1.3
2025-09-25 16:14:34,503:INFO:            pmdarima: 2.0.4
2025-09-25 16:14:34,503:INFO:              psutil: 7.1.0
2025-09-25 16:14:34,503:INFO:          markupsafe: 3.0.2
2025-09-25 16:14:34,503:INFO:             pickle5: Not installed
2025-09-25 16:14:34,503:INFO:         cloudpickle: 3.1.1
2025-09-25 16:14:34,504:INFO:         deprecation: 2.1.0
2025-09-25 16:14:34,504:INFO:              xxhash: 3.5.0
2025-09-25 16:14:34,504:INFO:           wurlitzer: Not installed
2025-09-25 16:14:34,504:INFO:PyCaret optional dependencies:
2025-09-25 16:14:34,504:INFO:                shap: Not installed
2025-09-25 16:14:34,504:INFO:           interpret: Not installed
2025-09-25 16:14:34,504:INFO:                umap: Not installed
2025-09-25 16:14:34,504:INFO:     ydata_profiling: Not installed
2025-09-25 16:14:34,504:INFO:  explainerdashboard: Not installed
2025-09-25 16:14:34,504:INFO:             autoviz: Not installed
2025-09-25 16:14:34,504:INFO:           fairlearn: Not installed
2025-09-25 16:14:34,504:INFO:          deepchecks: Not installed
2025-09-25 16:14:34,504:INFO:             xgboost: Not installed
2025-09-25 16:14:34,504:INFO:            catboost: Not installed
2025-09-25 16:14:34,504:INFO:              kmodes: Not installed
2025-09-25 16:14:34,504:INFO:             mlxtend: Not installed
2025-09-25 16:14:34,504:INFO:       statsforecast: Not installed
2025-09-25 16:14:34,504:INFO:        tune_sklearn: Not installed
2025-09-25 16:14:34,504:INFO:                 ray: Not installed
2025-09-25 16:14:34,504:INFO:            hyperopt: Not installed
2025-09-25 16:14:34,504:INFO:              optuna: Not installed
2025-09-25 16:14:34,504:INFO:               skopt: Not installed
2025-09-25 16:14:34,504:INFO:              mlflow: Not installed
2025-09-25 16:14:34,504:INFO:              gradio: Not installed
2025-09-25 16:14:34,504:INFO:             fastapi: Not installed
2025-09-25 16:14:34,504:INFO:             uvicorn: Not installed
2025-09-25 16:14:34,505:INFO:              m2cgen: Not installed
2025-09-25 16:14:34,505:INFO:           evidently: Not installed
2025-09-25 16:14:34,505:INFO:               fugue: Not installed
2025-09-25 16:14:34,505:INFO:           streamlit: Not installed
2025-09-25 16:14:34,505:INFO:             prophet: Not installed
2025-09-25 16:14:34,505:INFO:None
2025-09-25 16:14:34,505:INFO:Set up data.
2025-09-25 16:14:34,520:INFO:Set up folding strategy.
2025-09-25 16:14:34,520:INFO:Set up train/test split.
2025-09-25 16:14:34,726:INFO:Set up index.
2025-09-25 16:14:34,728:INFO:Assigning column types.
2025-09-25 16:14:34,731:INFO:Engine successfully changes for model 'lr' to 'sklearn'.
2025-09-25 16:14:34,769:INFO:Engine for model 'knn' has not been set explicitly, hence returning None.
2025-09-25 16:14:34,770:INFO:Engine for model 'rbfsvm' has not been set explicitly, hence returning None.
2025-09-25 16:14:34,799:WARNING:
'xgboost' is a soft dependency and not included in the pycaret installation. Please run: `pip install xgboost` to install.
Alternately, you can install this by running `pip install pycaret[models]`
2025-09-25 16:14:34,799:WARNING:
'catboost' is a soft dependency and not included in the pycaret installation. Please run: `pip install catboost` to install.
Alternately, you can install this by running `pip install pycaret[models]`
2025-09-25 16:14:34,836:INFO:Engine for model 'knn' has not been set explicitly, hence returning None.
2025-09-25 16:14:34,837:INFO:Engine for model 'rbfsvm' has not been set explicitly, hence returning None.
2025-09-25 16:14:34,860:WARNING:
'xgboost' is a soft dependency and not included in the pycaret installation. Please run: `pip install xgboost` to install.
Alternately, you can install this by running `pip install pycaret[models]`
2025-09-25 16:14:34,860:WARNING:
'catboost' is a soft dependency and not included in the pycaret installation. Please run: `pip install catboost` to install.
Alternately, you can install this by running `pip install pycaret[models]`
2025-09-25 16:14:34,860:INFO:Engine successfully changes for model 'knn' to 'sklearn'.
2025-09-25 16:14:34,898:INFO:Engine for model 'rbfsvm' has not been set explicitly, hence returning None.
2025-09-25 16:14:34,921:WARNING:
'xgboost' is a soft dependency and not included in the pycaret installation. Please run: `pip install xgboost` to install.
Alternately, you can install this by running `pip install pycaret[models]`
2025-09-25 16:14:34,921:WARNING:
'catboost' is a soft dependency and not included in the pycaret installation. Please run: `pip install catboost` to install.
Alternately, you can install this by running `pip install pycaret[models]`
2025-09-25 16:14:34,960:INFO:Engine for model 'rbfsvm' has not been set explicitly, hence returning None.
2025-09-25 16:14:34,984:WARNING:
'xgboost' is a soft dependency and not included in the pycaret installation. Please run: `pip install xgboost` to install.
Alternately, you can install this by running `pip install pycaret[models]`
2025-09-25 16:14:34,984:WARNING:
'catboost' is a soft dependency and not included in the pycaret installation. Please run: `pip install catboost` to install.
Alternately, you can install this by running `pip install pycaret[models]`
2025-09-25 16:14:34,984:INFO:Engine successfully changes for model 'rbfsvm' to 'sklearn'.
2025-09-25 16:14:35,048:WARNING:
'xgboost' is a soft dependency and not included in the pycaret installation. Please run: `pip install xgboost` to install.
Alternately, you can install this by running `pip install pycaret[models]`
2025-09-25 16:14:35,048:WARNING:
'catboost' is a soft dependency and not included in the pycaret installation. Please run: `pip install catboost` to install.
Alternately, you can install this by running `pip install pycaret[models]`
2025-09-25 16:14:35,112:WARNING:
'xgboost' is a soft dependency and not included in the pycaret installation. Please run: `pip install xgboost` to install.
Alternately, you can install this by running `pip install pycaret[models]`
2025-09-25 16:14:35,112:WARNING:
'catboost' is a soft dependency and not included in the pycaret installation. Please run: `pip install catboost` to install.
Alternately, you can install this by running `pip install pycaret[models]`
2025-09-25 16:14:35,115:INFO:Preparing preprocessing pipeline...
2025-09-25 16:14:35,116:INFO:Set up simple imputation.
2025-09-25 16:14:35,119:INFO:Set up encoding of ordinal features.
2025-09-25 16:14:35,122:INFO:Set up encoding of categorical features.
2025-09-25 16:14:35,122:INFO:Set up removing outliers.
2025-09-25 16:14:35,122:INFO:Set up feature normalization.
